%UIMSG-APPLICATION-ERROR, Failed to load translation dll C:\Program Files\proeWildfire 5.0\text\compiled_resource\pro_default_portuguese_resources.dll
%UIMSG-APPLICATION-ERROR, Failed to load translation dll C:\Program Files\proeWildfire 5.0\proe/uitools/text/compiled_resource/uitools_portuguese_resources.dll
%UIMSG-USER-ERROR, Did not find resource translation file "tree_node_tmpl_symb.txt"
%UIMSG-USER-ERROR, Did not find resource translation file "main_wind_dlg.txt"
%UIMSG-USER-ERROR, Did not find resource translation file "main_action_menu.txt"
%UIMSG-USER-ERROR, Did not find resource translation file "animationlayout.txt"
%UIMSG-USER-ERROR, Did not find resource translation file "lay_message_area.txt"
%UIMSG-USER-ERROR, Did not find resource translation file "common_main_popups.txt"
%UIMSG-USER-ERROR, Did not find resource translation file "lay_status_line.txt"
%UIMSG-USER-ERROR, Did not find resource translation file "accs_wind_dlg.txt"
%UIMSG-USER-ERROR, Did not find resource translation file "lay_status_line.txt"
%UIMSG-USER-ERROR, Did not find resource translation file "main_action_menu.txt"
%UIMSG-USER-ERROR, Did not find resource translation file "inpdlg_small.txt"
%UIMSG-USER-ERROR, Did not find resource translation file "ui_menu.txt"
%UIMSG-USER-ERROR, Did not find resource translation file "procmdviewgallery.txt"
%UIMSG-USER-ERROR, Did not find resource translation file "procmdutilappprt.txt"
%UIMSG-USER-ERROR, Did not find resource translation file "procmdutilappasm.txt"
%UIMSG-USER-ERROR, Did not find resource translation file "procmdutilappmfg.txt"
%UIMSG-USER-ERROR, Did not find resource translation file "procmdutilappdwg.txt"
%UIMSG-USER-ERROR, Did not find resource translation file "procmdeditundo.txt"
%UIMSG-USER-ERROR, Did not find resource translation file "procmdeditredo.txt"
%UIMSG-USER-ERROR, Did not find resource translation file "procmdsimmeshtype.txt"
%UIMSG-USER-ERROR, Did not find resource translation file "procmddwgpubprint.txt"
%UIMSG-USER-ERROR, Did not find resource translation file "procmddwgpubexport.txt"
%UIMSG-USER-ERROR, Did not find resource translation file "procmddwgpubsetdeliverable.txt"
%UIMSG-USER-ERROR, Did not find resource translation file "toolbar_cat.txt"
%UIMSG-USER-ERROR, Did not find resource translation file "drw_toolbar_cat.txt"
%UIMSG-USER-ERROR, Did not find resource translation file "rmb_popup.txt"
%UIMSG-USER-ERROR, Did not find resource translation file "mdltree_ph.txt"
%UIMSG-USER-ERROR, Did not find resource translation file "favorites_layout.txt"
%UIMSG-USER-ERROR, Did not find resource translation file "history_layout.txt"
%UIMSG-USER-ERROR, Did not find resource translation file "file_pane.txt"
%UIMSG-USER-ERROR, Did not find resource translation file "detail_file_pane.txt"
%UIMSG-USER-ERROR, Did not find resource translation file "edit_pane.txt"
%UIMSG-USER-ERROR, Did not find resource translation file "detail_edit_pane.txt"
%UIMSG-USER-ERROR, Did not find resource translation file "sketch_pane.txt"
%UIMSG-USER-ERROR, Did not find resource translation file "insert_pane.txt"
%UIMSG-USER-ERROR, Did not find resource translation file "info_pane.txt"
%UIMSG-USER-ERROR, Did not find resource translation file "detail_info_pane.txt"
%UIMSG-USER-ERROR, Did not find resource translation file "view_pane.txt"
%UIMSG-USER-ERROR, Did not find resource translation file "detail_view_pane.txt"
%UIMSG-USER-ERROR, Did not find resource translation file "freeform_pane.txt"
%UIMSG-USER-ERROR, Did not find resource translation file "gm_global_model_pane.txt"
%UIMSG-USER-ERROR, Did not find resource translation file "utils_pane.txt"
%UIMSG-USER-ERROR, Did not find resource translation file "detail_utils_pane.txt"
%UIMSG-USER-ERROR, Did not find resource translation file "window_pane.txt"
%UIMSG-USER-ERROR, Did not find resource translation file "mapkeys_pane.txt"
%UIMSG-USER-ERROR, Did not find resource translation file "mill_pane.txt"
%UIMSG-USER-ERROR, Did not find resource translation file "format_pane.txt"
%UIMSG-USER-ERROR, Did not find resource translation file "analysis_pane.txt"
%UIMSG-USER-ERROR, Did not find resource translation file "detail_analysis_pane.txt"
%UIMSG-USER-ERROR, Did not find resource translation file "manikin_pane.txt"
%UIMSG-USER-ERROR, Did not find resource translation file "help_pane.txt"
%UIMSG-USER-ERROR, Did not find resource translation file "mldmfg_pane.txt"
%UIMSG-USER-ERROR, Did not find resource translation file "mldassem_pane.txt"
%UIMSG-USER-ERROR, Did not find resource translation file "mfgstp_pane.txt"
%UIMSG-USER-ERROR, Did not find resource translation file "animation_pane.txt"
%UIMSG-USER-ERROR, Did not find resource translation file "asfeat_pane.txt"
%UIMSG-USER-ERROR, Did not find resource translation file "idd_pane.txt"
%UIMSG-USER-ERROR, Did not find resource translation file "restyle_pane.txt"
%UIMSG-USER-ERROR, Did not find resource translation file "appls_pane.txt"
%UIMSG-USER-ERROR, Did not find resource translation file "table_pane.txt"
%UIMSG-USER-ERROR, Did not find resource translation file "pnts_pane.txt"
%UIMSG-USER-ERROR, Did not find resource translation file "wrap_pane.txt"
%UIMSG-USER-ERROR, Did not find resource translation file "ftune_pane.txt"
%UIMSG-USER-ERROR, Did not find resource translation file "fcet_pane.txt"
%UIMSG-USER-ERROR, Did not find resource translation file "mesh_pane.txt"
%UIMSG-USER-ERROR, Did not find resource translation file "autogem_pane.txt"
%UIMSG-USER-ERROR, Did not find resource translation file "properties_pane.txt"
%UIMSG-USER-ERROR, Did not find resource translation file "mfgstep_pane.txt"
%UIMSG-USER-ERROR, Did not find resource translation file "mfgrsrc_pane.txt"
%UIMSG-APPLICATION-ERROR, Did not find page <PHTLeft.Folders> in Tab PHTLeft.ProExplorerTab@main_dlg_w1
%UIMSG-APPLICATION-ERROR, Failed to modify component: PHTLeft.ProExplorerTab, in device: main_dlg_w1
%UIMSG-APPLICATION-ERROR, Cannot modify the reverse horizontal placement flag
%UIMSG-APPLICATION-ERROR, Failed to modify global attributes
%UIMSG-APPLICATION-ERROR, No device name specified for ui_modify
%UIMSG-USER-ERROR, Did not find resource translation file "regenstatusbar.txt"
%UIMSG-USER-ERROR, Did not find resource translation file "selstatbar.txt"
%UIMSG-USER-ERROR, Did not find resource translation file "drm_status_icons.txt"
%UIMSG-USER-ERROR, Did not find resource translation file "procmdmcmodelcheck.txt"
%UIMSG-USER-ERROR, Did not find resource translation file "procmdmcregen.txt"
%UIMSG-USER-ERROR, Did not find resource translation file "procmdmcrulecheck.txt"
%UIMSG-USER-ERROR, Did not find resource translation file "procmdmcgeomintegritycheck.txt"
%UIMSG-APPLICATION-ERROR, Failed to load translation dll C:\Program Files\proeWildfire 5.0\libs/prowtlibs/text/compiled_resource/prowtlibs_portuguese_resources.dll
%UIMSG-APPLICATION-ERROR, Failed to load translation dll C:\Program Files\proeWildfire 5.0\../../libs/prowtlibs/text/compiled_resource/prowtlibs_portuguese_resources.dll
%UIMSG-APPLICATION-ERROR, Failed to load translation dll C:\Program Files\proeWildfire 5.0\../../proe/uitools/text/compiled_resource/uitools_portuguese_resources.dll
%UIMSG-APPLICATION-ERROR, Failed to load translation dll C:\Program Files\proeWildfire 5.0\../../text/compiled_resource/.._portuguese_resources.dll
%UIMSG-USER-ERROR, Did not find resource translation file "folderbrowse.txt"
%UIMSG-APPLICATION-ERROR, UI_tree_node_expand_Op is obsolete - use UI_item_modify_Op
%UIMSG-USER-ERROR, Did not find resource translation file "desktop_fld.txt"
%UIMSG-USER-ERROR, Did not find resource translation file "mydocs.txt"
%UIMSG-USER-ERROR, Did not find resource translation file "workingdir.txt"
%UIMSG-USER-ERROR, Did not find resource translation file "procmdmodelnew.txt"
%UIMSG-USER-ERROR, Did not find resource translation file "procmdmodelopen.txt"
%UIMSG-USER-ERROR, Did not find resource translation file "procmdmodelsave.txt"
%UIMSG-USER-ERROR, Did not find resource translation file "procmdmodelmkpdf.txt"
%UIMSG-USER-ERROR, Did not find resource translation file "procmdmodelprint.txt"
%UIMSG-USER-ERROR, Did not find resource translation file "procmdmodelemailattach.txt"
%UIMSG-USER-ERROR, Did not find resource translation file "procmdmodelemailpdf.txt"
%UIMSG-USER-ERROR, Did not find resource translation file "procmdmodelemaillink.txt"
%UIMSG-USER-ERROR, Did not find resource translation file "uit_gallery_sel_list.txt"
%UIMSG-USER-ERROR, Did not find resource translation file "procmdfreeformrepeat.txt"
%UIMSG-USER-ERROR, Did not find resource translation file "procmdglobalmodelrepeat.txt"
%UIMSG-USER-ERROR, Did not find resource translation file "procmdeditcut.txt"
%UIMSG-USER-ERROR, Did not find resource translation file "procmdeditcopy.txt"
%UIMSG-USER-ERROR, Did not find resource translation file "procmdeditpaste.txt"
%UIMSG-USER-ERROR, Did not find resource translation file "procmdeditpastespecial.txt"
%UIMSG-USER-ERROR, Did not find resource translation file "procmdregenpart.txt"
%UIMSG-USER-ERROR, Did not find resource translation file "procmdregenauto.txt"
%UIMSG-USER-ERROR, Did not find resource translation file "procmdregencust.txt"
%UIMSG-USER-ERROR, Did not find resource translation file "procmddwgregenmodel.txt"
%UIMSG-USER-ERROR, Did not find resource translation file "procmdeditregenall.txt"
%UIMSG-USER-ERROR, Did not find resource translation file "pmechcmdconnect.txt"
%UIMSG-USER-ERROR, Did not find resource translation file "procmdmdltreesearch.txt"
%UIMSG-USER-ERROR, Did not find resource translation file "procmdmanyinbox.txt"
%UIMSG-USER-ERROR, Did not find resource translation file "procmdmanyaccbox.txt"
%UIMSG-USER-ERROR, Did not find resource translation file "procmdmanypoly.txt"
%UIMSG-USER-ERROR, Did not find resource translation file "procmdmanypaintbrush.txt"
%UIMSG-USER-ERROR, Did not find resource translation file "procmdmanyellipse.txt"
%UIMSG-USER-ERROR, Did not find resource translation file "procmdquerymode.txt"
%UIMSG-USER-ERROR, Did not find resource translation file "pmechcmdhilightbody.txt"
%UIMSG-USER-ERROR, Did not find resource translation file "procmdviewrepaint.txt"
%UIMSG-USER-ERROR, Did not find resource translation file "procmdviewspincntr.txt"
%UIMSG-USER-ERROR, Did not find resource translation file "procmdviewspinonoff.txt"
%UIMSG-USER-ERROR, Did not find resource translation file "appearance_gallery.txt"
%UIMSG-USER-ERROR, Did not find resource translation file "appearance_palettes.txt"
%UIMSG-APPLICATION-ERROR, Failed to load resource dll C:\Program Files\proeWildfire 5.0\../../libs/prowtlibs/text/compiled_resource/prowtlibs_resources.dll
%UIMSG-APPLICATION-ERROR, Failed to load resource dll C:\Program Files\proeWildfire 5.0\../../proe/uitools/text/compiled_resource/uitools_resources.dll
%UIMSG-APPLICATION-ERROR, Failed to load resource dll C:\Program Files\proeWildfire 5.0\../../text/compiled_resource/.._resources.dll
%UIMSG-USER-ERROR, Did not find resource translation file "appearance_samples_layout.txt"
%UIMSG-USER-ERROR, Did not find resource translation file "pmechcmdasmdrag.txt"
%UIMSG-USER-ERROR, Did not find resource translation file "procmdviewzoomin.txt"
%UIMSG-USER-ERROR, Did not find resource translation file "procmdviewzoomout.txt"
%UIMSG-USER-ERROR, Did not find resource translation file "procmdviewrefit.txt"
%UIMSG-USER-ERROR, Did not find resource translation file "procmdvieworient.txt"
%UIMSG-USER-ERROR, Did not find resource translation file "procmdviewnamepick.txt"
%UIMSG-USER-ERROR, Did not find resource translation file "procmdviewlyrs.txt"
%UIMSG-USER-ERROR, Did not find resource translation file "procmdviewvistool.txt"
%UIMSG-USER-ERROR, Did not find resource translation file "procmdenvmdldisp.txt"
%UIMSG-USER-ERROR, Did not find resource translation file "procmdviewrenderrtfloor.txt"
%UIMSG-USER-ERROR, Did not find resource translation file "procmdenvmodeltree.txt"
%UIMSG-USER-ERROR, Did not find resource translation file "procmdenvdtmdisp.txt"
%UIMSG-USER-ERROR, Did not find resource translation file "procmdenvaxisdisp.txt"
%UIMSG-USER-ERROR, Did not find resource translation file "procmdenvpntsdisp.txt"
%UIMSG-USER-ERROR, Did not find resource translation file "procmdenvcsysdisp.txt"
%UIMSG-USER-ERROR, Did not find resource translation file "procmdenvannotelemdisp.txt"
%UIMSG-USER-ERROR, Did not find resource translation file "procmdhelpwhatis.txt"
%UIMSG-USER-ERROR, Did not find resource translation file "procmdsimprocguide.txt"
%UIMSG-USER-ERROR, Did not find resource translation file "procmddatumsketcurve.txt"
%UIMSG-USER-ERROR, Did not find resource translation file "procmddatumplane.txt"
%UIMSG-USER-ERROR, Did not find resource translation file "procmddatumaxis.txt"
%UIMSG-USER-ERROR, Did not find resource translation file "procmddatumcurve.txt"
%UIMSG-USER-ERROR, Did not find resource translation file "procmddatumpoint.txt"
%UIMSG-USER-ERROR, Did not find resource translation file "procmddatumpointgeneral.txt"
%UIMSG-USER-ERROR, Did not find resource translation file "procmddatumpointsket.txt"
%UIMSG-USER-ERROR, Did not find resource translation file "procmddatumpointoffsetcsys.txt"
%UIMSG-USER-ERROR, Did not find resource translation file "procmddatumpointfield.txt"
%UIMSG-USER-ERROR, Did not find resource translation file "procmddatumcsys.txt"
%UIMSG-USER-ERROR, Did not find resource translation file "procmddatumanalysis.txt"
%UIMSG-USER-ERROR, Did not find resource translation file "procmddatumrefer.txt"
%UIMSG-APPLICATION-ERROR, UI_tree_node_expand_Op is obsolete - use UI_item_modify_Op
